<?xml version="1.0" encoding="UTF-8"?>
<testng-results ignored="0" total="1" passed="1" failed="0" skipped="0">
  <reporter-output>
  </reporter-output>
  <suite started-at="2022-05-18T18:29:15 IST" name="Default suite" finished-at="2022-05-18T18:29:29 IST" duration-ms="13720">
    <groups>
    </groups>
    <test started-at="2022-05-18T18:29:15 IST" name="Default test" finished-at="2022-05-18T18:29:29 IST" duration-ms="13720">
      <class name="com.first.Base">
        <test-method is-config="true" signature="InitialiseEreport()[pri:0, instance:com.first.Base@36bc55de]" started-at="2022-05-18T18:29:15 IST" name="InitialiseEreport" finished-at="2022-05-18T18:29:15 IST" duration-ms="514" status="PASS">
          <reporter-output>
          </reporter-output>
        </test-method> <!-- InitialiseEreport -->
        <test-method is-config="true" signature="SetupBrowser()[pri:0, instance:com.first.Base@36bc55de]" started-at="2022-05-18T18:29:15 IST" name="SetupBrowser" finished-at="2022-05-18T18:29:20 IST" duration-ms="4567" status="PASS">
          <reporter-output>
          </reporter-output>
        </test-method> <!-- SetupBrowser -->
        <test-method signature="LoginApplication()[pri:0, instance:com.first.Base@36bc55de]" started-at="2022-05-18T18:29:20 IST" name="LoginApplication" finished-at="2022-05-18T18:29:29 IST" duration-ms="8727" status="PASS">
          <reporter-output>
          </reporter-output>
        </test-method> <!-- LoginApplication -->
        <test-method is-config="true" signature="CloseBrowser()[pri:0, instance:com.first.Base@36bc55de]" started-at="2022-05-18T18:29:29 IST" name="CloseBrowser" finished-at="2022-05-18T18:29:29 IST" duration-ms="363" status="PASS">
          <reporter-output>
          </reporter-output>
        </test-method> <!-- CloseBrowser -->
        <test-method is-config="true" signature="GenerateReport()[pri:0, instance:com.first.Base@36bc55de]" started-at="2022-05-18T18:29:29 IST" name="GenerateReport" finished-at="2022-05-18T18:29:30 IST" duration-ms="1205" status="PASS">
          <reporter-output>
          </reporter-output>
        </test-method> <!-- GenerateReport -->
      </class> <!-- com.first.Base -->
    </test> <!-- Default test -->
  </suite> <!-- Default suite -->
</testng-results>
